2011-03-28 16:18:48,688 [pool-1-thread-1] (CxScanJob.java:78) INFO  - Packing project
2011-03-28 16:18:51,813 [pool-1-thread-1] (CxScanJob.java:97) INFO  - Project name is "console.project_1301321931813"
2011-03-28 16:18:51,813 [pool-1-thread-1] (CxScanJob.java:106) INFO  - Log in
2011-03-28 16:18:52,188 [pool-1-thread-1] (CxScanJob.java:112) INFO  - Retrieving scan configurations
2011-03-28 16:18:52,267 [pool-1-thread-1] (CxScanJob.java:130) INFO  - Request scan
2011-03-28 16:18:53,204 [pool-1-thread-1] (CxScanJob.java:416) TRACE - Project scan request response:RunScanResult(scanId:c5673228-28ed-40cc-b65d-c31eb4d942ea)
2011-03-28 16:18:53,220 [pool-2-thread-1] (WaitScanCompletionJob.java:56) TRACE - getScanStatus: GetStatusOfScanResult(<?xml version="1.0" encoding="utf-16"?>
<GetScanStatusReplySchema xmlns:xsi="http://www.w3.org/2001/XMLSchema-instance" xmlns:xsd="http://www.w3.org/2001/XMLSchema" xmlns="CxWebAPI.xsd">
  <IsSuccesfull>true</IsSuccesfull>
  <ReturnValue>
    <Status RunId="c5673228-28ed-40cc-b65d-c31eb4d942ea" RunStatus="Queued" TotalPercent="0" CurrentStage="0" StageName="" CurrentStagePercent="0" StageMessage="" StepMessage="" Details="" TimeStarted="28/03/2011 07:13:15" TimeFinished="28/03/2013 07:13:15" QueuePosition="-1" />
  </ReturnValue>
</GetScanStatusReplySchema>)
2011-03-28 16:18:53,220 [pool-2-thread-1] (WaitScanCompletionJob.java:68) INFO  - Total scan worked: 0%
2011-03-28 16:18:53,220 [pool-2-thread-1] (WaitScanCompletionJob.java:90) INFO  - Scan state: Queued
2011-03-28 16:18:53,220 [pool-2-thread-1] (WaitScanCompletionJob.java:94) TRACE - Queued
 (0%) 
2011-03-28 16:19:53,256 [pool-2-thread-1] (WaitScanCompletionJob.java:56) TRACE - getScanStatus: GetStatusOfScanResult(<?xml version="1.0" encoding="utf-16"?>
<GetScanStatusReplySchema xmlns:xsi="http://www.w3.org/2001/XMLSchema-instance" xmlns:xsd="http://www.w3.org/2001/XMLSchema" xmlns="CxWebAPI.xsd">
  <IsSuccesfull>true</IsSuccesfull>
  <ReturnValue>
    <Status RunId="c5673228-28ed-40cc-b65d-c31eb4d942ea" RunStatus="Running" TotalPercent="43" CurrentStage="19" StageName="Optimizing internal representation, Stage 5" CurrentStagePercent="56" StageMessage="Stage # 20 of 22" StepMessage="Processing # 1422 of 2496" Details="N/A" TimeStarted="28/03/2011 07:13:15" TimeFinished="28/03/2013 07:13:15" QueuePosition="-1" />
  </ReturnValue>
</GetScanStatusReplySchema>)
2011-03-28 16:19:53,256 [pool-2-thread-1] (WaitScanCompletionJob.java:68) INFO  - Total scan worked: 43%
2011-03-28 16:19:53,256 [pool-2-thread-1] (WaitScanCompletionJob.java:84) INFO  - Current stage:  "Optimizing internal representation, Stage 5" - Stage # 20 of 22
2011-03-28 16:19:53,256 [pool-2-thread-1] (WaitScanCompletionJob.java:94) TRACE - Running "Optimizing internal representation, Stage 5"
Stage # 20 of 22 (56%) Processing # 1422 of 2496
2011-03-28 16:20:53,731 [pool-2-thread-1] (WaitScanCompletionJob.java:56) TRACE - getScanStatus: GetStatusOfScanResult(<?xml version="1.0" encoding="utf-16"?>
<GetScanStatusReplySchema xmlns:xsi="http://www.w3.org/2001/XMLSchema-instance" xmlns:xsd="http://www.w3.org/2001/XMLSchema" xmlns="CxWebAPI.xsd">
  <IsSuccesfull>true</IsSuccesfull>
  <ReturnValue>
    <Status RunId="c5673228-28ed-40cc-b65d-c31eb4d942ea" RunStatus="Running" TotalPercent="99" CurrentStage="20" StageName="Querying" CurrentStagePercent="99" StageMessage="Running query: Weak_Password_Authentication" StepMessage="Processing # 135 of 136" Details="Weak_Password_Authentication" TimeStarted="28/03/2011 07:13:15" TimeFinished="28/03/2013 07:13:15" QueuePosition="-1" />
  </ReturnValue>
</GetScanStatusReplySchema>)
2011-03-28 16:20:53,824 [pool-2-thread-1] (WaitScanCompletionJob.java:68) INFO  - Total scan worked: 99%
2011-03-28 16:20:53,949 [pool-2-thread-1] (WaitScanCompletionJob.java:84) INFO  - Current stage:  "Querying" - Running query: Weak_Password_Authentication
2011-03-28 16:20:53,965 [pool-2-thread-1] (WaitScanCompletionJob.java:94) TRACE - Running "Querying"
Running query: Weak_Password_Authentication (99%) Processing # 135 of 136
2011-03-28 16:21:53,658 [pool-2-thread-1] (WaitScanCompletionJob.java:56) TRACE - getScanStatus: GetStatusOfScanResult(<?xml version="1.0" encoding="utf-16"?>
<GetScanStatusReplySchema xmlns:xsi="http://www.w3.org/2001/XMLSchema-instance" xmlns:xsd="http://www.w3.org/2001/XMLSchema" xmlns="CxWebAPI.xsd">
  <IsSuccesfull>true</IsSuccesfull>
  <ReturnValue>
    <Status RunId="c5673228-28ed-40cc-b65d-c31eb4d942ea" RunStatus="Finished" TotalPercent="100" CurrentStage="2147483647" StageName="" CurrentStagePercent="0" StageMessage="Finish saving results" StepMessage="" Details="" TimeStarted="28/03/2011 07:13:15" TimeFinished="28/03/2011 07:15:50" QueuePosition="-1" />
  </ReturnValue>
</GetScanStatusReplySchema>)
2011-03-28 16:21:53,674 [pool-2-thread-1] (WaitScanCompletionJob.java:68) INFO  - Total scan worked: 100%
2011-03-28 16:21:53,674 [pool-2-thread-1] (WaitScanCompletionJob.java:88) INFO  - Current stage: Finish saving results
2011-03-28 16:21:53,674 [pool-2-thread-1] (WaitScanCompletionJob.java:94) TRACE - Finished
Finish saving results (0%) 
2011-03-28 16:21:53,674 [pool-1-thread-1] (CxScanJob.java:158) INFO  - Retrieving results
2011-03-28 19:21:42,124 [pool-1-thread-1] (CxScanJob.java:78) INFO  - Packing project
2011-03-28 19:21:45,078 [pool-1-thread-1] (CxScanJob.java:97) INFO  - Project name is "console.project_1301332905078"
2011-03-28 19:21:45,078 [pool-1-thread-1] (CxScanJob.java:106) INFO  - Log in
2011-03-28 19:21:45,531 [pool-1-thread-1] (CxScanJob.java:112) INFO  - Retrieving scan configurations
2011-03-28 19:21:45,609 [pool-1-thread-1] (CxScanJob.java:130) INFO  - Request scan
2011-03-28 19:21:46,750 [pool-1-thread-1] (CxScanJob.java:416) TRACE - Project scan request response:RunScanResult(scanId:443d424f-1bd1-41b7-ae41-0808dadf58a3)
2011-03-28 19:21:46,765 [pool-2-thread-1] (WaitScanCompletionJob.java:56) TRACE - getScanStatus: GetStatusOfScanResult(<?xml version="1.0" encoding="utf-16"?>
<GetScanStatusReplySchema xmlns:xsi="http://www.w3.org/2001/XMLSchema-instance" xmlns:xsd="http://www.w3.org/2001/XMLSchema" xmlns="CxWebAPI.xsd">
  <IsSuccesfull>true</IsSuccesfull>
  <ReturnValue>
    <Status RunId="443d424f-1bd1-41b7-ae41-0808dadf58a3" RunStatus="Queued" TotalPercent="0" CurrentStage="0" StageName="" CurrentStagePercent="0" StageMessage="" StepMessage="" Details="" TimeStarted="28/03/2011 10:16:08" TimeFinished="28/03/2013 10:16:08" QueuePosition="-1" />
  </ReturnValue>
</GetScanStatusReplySchema>)
2011-03-28 19:21:46,765 [pool-2-thread-1] (WaitScanCompletionJob.java:68) INFO  - Total scan worked: 0%
2011-03-28 19:21:46,765 [pool-2-thread-1] (WaitScanCompletionJob.java:90) INFO  - Scan state: Queued
2011-03-28 19:21:46,765 [pool-2-thread-1] (WaitScanCompletionJob.java:94) TRACE - Queued
 (0%) 
2011-03-28 19:22:47,115 [pool-2-thread-1] (WaitScanCompletionJob.java:56) TRACE - getScanStatus: GetStatusOfScanResult(<?xml version="1.0" encoding="utf-16"?>
<GetScanStatusReplySchema xmlns:xsi="http://www.w3.org/2001/XMLSchema-instance" xmlns:xsd="http://www.w3.org/2001/XMLSchema" xmlns="CxWebAPI.xsd">
  <IsSuccesfull>true</IsSuccesfull>
  <ReturnValue>
    <Status RunId="443d424f-1bd1-41b7-ae41-0808dadf58a3" RunStatus="Running" TotalPercent="43" CurrentStage="19" StageName="Optimizing internal representation, Stage 5" CurrentStagePercent="56" StageMessage="" StepMessage="Processing # 1422 of 2496" Details="N/A" TimeStarted="28/03/2011 10:16:08" TimeFinished="28/03/2013 10:16:08" QueuePosition="-1" />
  </ReturnValue>
</GetScanStatusReplySchema>)
2011-03-28 19:22:47,115 [pool-2-thread-1] (WaitScanCompletionJob.java:68) INFO  - Total scan worked: 43%
2011-03-28 19:22:47,115 [pool-2-thread-1] (WaitScanCompletionJob.java:86) INFO  - Current stage:  "Optimizing internal representation, Stage 5"
2011-03-28 19:22:47,115 [pool-2-thread-1] (WaitScanCompletionJob.java:94) TRACE - Running "Optimizing internal representation, Stage 5"
 (56%) Processing # 1422 of 2496
2011-03-28 19:23:47,229 [pool-2-thread-1] (WaitScanCompletionJob.java:56) TRACE - getScanStatus: GetStatusOfScanResult(<?xml version="1.0" encoding="utf-16"?>
<GetScanStatusReplySchema xmlns:xsi="http://www.w3.org/2001/XMLSchema-instance" xmlns:xsd="http://www.w3.org/2001/XMLSchema" xmlns="CxWebAPI.xsd">
  <IsSuccesfull>true</IsSuccesfull>
  <ReturnValue>
    <Status RunId="443d424f-1bd1-41b7-ae41-0808dadf58a3" RunStatus="Running" TotalPercent="99" CurrentStage="20" StageName="Querying" CurrentStagePercent="98" StageMessage="Running query: DOM_XSS" StepMessage="Processing # 134 of 136" Details="DOM_XSS" TimeStarted="28/03/2011 10:16:08" TimeFinished="28/03/2013 10:16:08" QueuePosition="-1" />
  </ReturnValue>
</GetScanStatusReplySchema>)
2011-03-28 19:23:47,229 [pool-2-thread-1] (WaitScanCompletionJob.java:68) INFO  - Total scan worked: 99%
2011-03-28 19:23:47,229 [pool-2-thread-1] (WaitScanCompletionJob.java:84) INFO  - Current stage:  "Querying" - Running query: DOM_XSS
2011-03-28 19:23:47,245 [pool-2-thread-1] (WaitScanCompletionJob.java:94) TRACE - Running "Querying"
Running query: DOM_XSS (98%) Processing # 134 of 136
2011-03-28 19:24:47,469 [pool-2-thread-1] (WaitScanCompletionJob.java:56) TRACE - getScanStatus: GetStatusOfScanResult(<?xml version="1.0" encoding="utf-16"?>
<GetScanStatusReplySchema xmlns:xsi="http://www.w3.org/2001/XMLSchema-instance" xmlns:xsd="http://www.w3.org/2001/XMLSchema" xmlns="CxWebAPI.xsd">
  <IsSuccesfull>true</IsSuccesfull>
  <ReturnValue>
    <Status RunId="443d424f-1bd1-41b7-ae41-0808dadf58a3" RunStatus="Finished" TotalPercent="100" CurrentStage="2147483647" StageName="" CurrentStagePercent="0" StageMessage="Finish saving results" StepMessage="" Details="" TimeStarted="28/03/2011 10:16:08" TimeFinished="28/03/2011 10:18:39" QueuePosition="-1" />
  </ReturnValue>
</GetScanStatusReplySchema>)
2011-03-28 19:24:47,469 [pool-2-thread-1] (WaitScanCompletionJob.java:68) INFO  - Total scan worked: 100%
2011-03-28 19:24:47,469 [pool-2-thread-1] (WaitScanCompletionJob.java:88) INFO  - Current stage: Finish saving results
2011-03-28 19:24:47,485 [pool-2-thread-1] (WaitScanCompletionJob.java:94) TRACE - Finished
Finish saving results (0%) 
2011-03-28 19:24:47,485 [pool-1-thread-1] (CxScanJob.java:158) INFO  - Retrieving results
2011-03-28 19:29:37,292 [pool-1-thread-1] (CxScanJob.java:78) INFO  - Packing project
2011-03-28 19:29:41,511 [pool-1-thread-1] (CxScanJob.java:97) INFO  - Project name is "console.project_1301333381511"
2011-03-28 19:29:41,511 [pool-1-thread-1] (CxScanJob.java:106) INFO  - Log in
2011-03-28 19:29:41,886 [pool-1-thread-1] (CxScanJob.java:112) INFO  - Retrieving scan configurations
2011-03-28 19:29:41,964 [pool-1-thread-1] (CxScanJob.java:130) INFO  - Request scan
2011-03-28 19:29:42,964 [pool-1-thread-1] (CxScanJob.java:416) TRACE - Project scan request response:RunScanResult(scanId:438db028-9a06-465d-8177-82919de97aae)
2011-03-28 19:29:42,980 [pool-2-thread-1] (WaitScanCompletionJob.java:56) TRACE - getScanStatus: GetStatusOfScanResult(<?xml version="1.0" encoding="utf-16"?>
<GetScanStatusReplySchema xmlns:xsi="http://www.w3.org/2001/XMLSchema-instance" xmlns:xsd="http://www.w3.org/2001/XMLSchema" xmlns="CxWebAPI.xsd">
  <IsSuccesfull>true</IsSuccesfull>
  <ReturnValue>
    <Status RunId="438db028-9a06-465d-8177-82919de97aae" RunStatus="Queued" TotalPercent="0" CurrentStage="0" StageName="" CurrentStagePercent="0" StageMessage="" StepMessage="" Details="" TimeStarted="28/03/2011 10:24:04" TimeFinished="28/03/2013 10:24:04" QueuePosition="-1" />
  </ReturnValue>
</GetScanStatusReplySchema>)
2011-03-28 19:29:42,980 [pool-2-thread-1] (WaitScanCompletionJob.java:68) INFO  - Total scan worked: 0%
2011-03-28 19:29:42,980 [pool-2-thread-1] (WaitScanCompletionJob.java:90) INFO  - Scan state: Queued
2011-03-28 19:29:42,980 [pool-2-thread-1] (WaitScanCompletionJob.java:94) TRACE - Queued
 (0%) 
2011-03-28 19:30:43,001 [pool-2-thread-1] (WaitScanCompletionJob.java:56) TRACE - getScanStatus: GetStatusOfScanResult(<?xml version="1.0" encoding="utf-16"?>
<GetScanStatusReplySchema xmlns:xsi="http://www.w3.org/2001/XMLSchema-instance" xmlns:xsd="http://www.w3.org/2001/XMLSchema" xmlns="CxWebAPI.xsd">
  <IsSuccesfull>true</IsSuccesfull>
  <ReturnValue>
    <Status RunId="438db028-9a06-465d-8177-82919de97aae" RunStatus="Running" TotalPercent="58" CurrentStage="20" StageName="Querying" CurrentStagePercent="17" StageMessage="Running query: Visible_Pointers" StepMessage="Processing # 24 of 136" Details="Visible_Pointers" TimeStarted="28/03/2011 10:24:04" TimeFinished="28/03/2013 10:24:04" QueuePosition="-1" />
  </ReturnValue>
</GetScanStatusReplySchema>)
2011-03-28 19:30:43,001 [pool-2-thread-1] (WaitScanCompletionJob.java:68) INFO  - Total scan worked: 58%
2011-03-28 19:30:43,001 [pool-2-thread-1] (WaitScanCompletionJob.java:84) INFO  - Current stage:  "Querying" - Running query: Visible_Pointers
2011-03-28 19:30:43,017 [pool-2-thread-1] (WaitScanCompletionJob.java:94) TRACE - Running "Querying"
Running query: Visible_Pointers (17%) Processing # 24 of 136
2011-03-28 19:31:43,022 [pool-2-thread-1] (WaitScanCompletionJob.java:56) TRACE - getScanStatus: GetStatusOfScanResult(<?xml version="1.0" encoding="utf-16"?>
<GetScanStatusReplySchema xmlns:xsi="http://www.w3.org/2001/XMLSchema-instance" xmlns:xsd="http://www.w3.org/2001/XMLSchema" xmlns="CxWebAPI.xsd">
  <IsSuccesfull>true</IsSuccesfull>
  <ReturnValue>
    <Status RunId="438db028-9a06-465d-8177-82919de97aae" RunStatus="Running" TotalPercent="99" CurrentStage="20" StageName="Querying" CurrentStagePercent="99" StageMessage="Running query: Weak_Password_Authentication" StepMessage="Processing # 135 of 136" Details="Weak_Password_Authentication" TimeStarted="28/03/2011 10:24:04" TimeFinished="28/03/2013 10:24:04" QueuePosition="-1" />
  </ReturnValue>
</GetScanStatusReplySchema>)
2011-03-28 19:31:43,022 [pool-2-thread-1] (WaitScanCompletionJob.java:68) INFO  - Total scan worked: 99%
2011-03-28 19:31:43,038 [pool-2-thread-1] (WaitScanCompletionJob.java:84) INFO  - Current stage:  "Querying" - Running query: Weak_Password_Authentication
2011-03-28 19:31:43,038 [pool-2-thread-1] (WaitScanCompletionJob.java:94) TRACE - Running "Querying"
Running query: Weak_Password_Authentication (99%) Processing # 135 of 136
2011-03-28 19:32:43,043 [pool-2-thread-1] (WaitScanCompletionJob.java:56) TRACE - getScanStatus: GetStatusOfScanResult(<?xml version="1.0" encoding="utf-16"?>
<GetScanStatusReplySchema xmlns:xsi="http://www.w3.org/2001/XMLSchema-instance" xmlns:xsd="http://www.w3.org/2001/XMLSchema" xmlns="CxWebAPI.xsd">
  <IsSuccesfull>true</IsSuccesfull>
  <ReturnValue>
    <Status RunId="438db028-9a06-465d-8177-82919de97aae" RunStatus="Finished" TotalPercent="100" CurrentStage="2147483647" StageName="" CurrentStagePercent="0" StageMessage="Finish saving results" StepMessage="" Details="" TimeStarted="28/03/2011 10:24:04" TimeFinished="28/03/2011 10:26:37" QueuePosition="-1" />
  </ReturnValue>
</GetScanStatusReplySchema>)
2011-03-28 19:32:43,059 [pool-2-thread-1] (WaitScanCompletionJob.java:68) INFO  - Total scan worked: 100%
2011-03-28 19:32:43,059 [pool-2-thread-1] (WaitScanCompletionJob.java:88) INFO  - Current stage: Finish saving results
2011-03-28 19:32:43,059 [pool-2-thread-1] (WaitScanCompletionJob.java:94) TRACE - Finished
Finish saving results (0%) 
2011-03-28 19:32:43,059 [pool-1-thread-1] (CxScanJob.java:158) INFO  - Retrieving results
2011-03-29 11:11:23,499 [pool-1-thread-1] (CxScanJob.java:78) INFO  - Packing project
2011-03-29 11:11:25,749 [pool-1-thread-1] (CxScanJob.java:97) INFO  - Project name is "console.project_1301389885749"
2011-03-29 11:11:25,749 [pool-1-thread-1] (CxScanJob.java:106) INFO  - Log in
2011-03-29 11:11:30,609 [pool-1-thread-1] (CxScanJob.java:112) INFO  - Retrieving scan configurations
2011-03-29 11:11:31,031 [pool-1-thread-1] (CxScanJob.java:130) INFO  - Request scan
2011-03-29 11:11:33,313 [pool-1-thread-1] (CxScanJob.java:416) TRACE - Project scan request response:RunScanResult(scanId:2a38f7ad-47cd-44f5-9b5e-f9df35f11d2b)
2011-03-29 11:11:33,453 [pool-2-thread-1] (WaitScanCompletionJob.java:56) TRACE - getScanStatus: GetStatusOfScanResult(<?xml version="1.0" encoding="utf-16"?>
<GetScanStatusReplySchema xmlns:xsi="http://www.w3.org/2001/XMLSchema-instance" xmlns:xsd="http://www.w3.org/2001/XMLSchema" xmlns="CxWebAPI.xsd">
  <IsSuccesfull>true</IsSuccesfull>
  <ReturnValue>
    <Status RunId="2a38f7ad-47cd-44f5-9b5e-f9df35f11d2b" RunStatus="Queued" TotalPercent="0" CurrentStage="0" StageName="" CurrentStagePercent="0" StageMessage="" StepMessage="" Details="" TimeStarted="29/03/2011 02:05:50" TimeFinished="29/03/2013 02:05:51" QueuePosition="-1" />
  </ReturnValue>
</GetScanStatusReplySchema>)
2011-03-29 11:11:33,453 [pool-2-thread-1] (WaitScanCompletionJob.java:68) INFO  - Total scan worked: 0%
2011-03-29 11:11:33,453 [pool-2-thread-1] (WaitScanCompletionJob.java:90) INFO  - Scan state: Queued
2011-03-29 11:11:33,453 [pool-2-thread-1] (WaitScanCompletionJob.java:94) TRACE - Queued
 (0%) 
2011-03-29 11:12:33,662 [pool-2-thread-1] (WaitScanCompletionJob.java:56) TRACE - getScanStatus: GetStatusOfScanResult(<?xml version="1.0" encoding="utf-16"?>
<GetScanStatusReplySchema xmlns:xsi="http://www.w3.org/2001/XMLSchema-instance" xmlns:xsd="http://www.w3.org/2001/XMLSchema" xmlns="CxWebAPI.xsd">
  <IsSuccesfull>true</IsSuccesfull>
  <ReturnValue>
    <Status RunId="2a38f7ad-47cd-44f5-9b5e-f9df35f11d2b" RunStatus="Running" TotalPercent="43" CurrentStage="19" StageName="Optimizing internal representation, Stage 5" CurrentStagePercent="56" StageMessage="" StepMessage="Processing # 1422 of 2496" Details="N/A" TimeStarted="29/03/2011 02:05:50" TimeFinished="29/03/2013 02:05:51" QueuePosition="-1" />
  </ReturnValue>
</GetScanStatusReplySchema>)
2011-03-29 11:12:33,662 [pool-2-thread-1] (WaitScanCompletionJob.java:68) INFO  - Total scan worked: 43%
2011-03-29 11:12:33,662 [pool-2-thread-1] (WaitScanCompletionJob.java:86) INFO  - Current stage:  "Optimizing internal representation, Stage 5"
2011-03-29 11:12:33,662 [pool-2-thread-1] (WaitScanCompletionJob.java:94) TRACE - Running "Optimizing internal representation, Stage 5"
 (56%) Processing # 1422 of 2496
2011-03-29 11:13:33,886 [pool-2-thread-1] (WaitScanCompletionJob.java:56) TRACE - getScanStatus: GetStatusOfScanResult(<?xml version="1.0" encoding="utf-16"?>
<GetScanStatusReplySchema xmlns:xsi="http://www.w3.org/2001/XMLSchema-instance" xmlns:xsd="http://www.w3.org/2001/XMLSchema" xmlns="CxWebAPI.xsd">
  <IsSuccesfull>true</IsSuccesfull>
  <ReturnValue>
    <Status RunId="2a38f7ad-47cd-44f5-9b5e-f9df35f11d2b" RunStatus="Running" TotalPercent="98" CurrentStage="20" StageName="Querying" CurrentStagePercent="97" StageMessage="Running query: DOM_URL_Redirection_Attack" StepMessage="Processing # 132 of 136" Details="DOM_URL_Redirection_Attack" TimeStarted="29/03/2011 02:05:50" TimeFinished="29/03/2013 02:05:51" QueuePosition="-1" />
  </ReturnValue>
</GetScanStatusReplySchema>)
2011-03-29 11:13:33,886 [pool-2-thread-1] (WaitScanCompletionJob.java:68) INFO  - Total scan worked: 98%
2011-03-29 11:13:33,886 [pool-2-thread-1] (WaitScanCompletionJob.java:84) INFO  - Current stage:  "Querying" - Running query: DOM_URL_Redirection_Attack
2011-03-29 11:13:33,886 [pool-2-thread-1] (WaitScanCompletionJob.java:94) TRACE - Running "Querying"
Running query: DOM_URL_Redirection_Attack (97%) Processing # 132 of 136
2011-03-29 11:14:33,985 [pool-2-thread-1] (WaitScanCompletionJob.java:56) TRACE - getScanStatus: GetStatusOfScanResult(<?xml version="1.0" encoding="utf-16"?>
<GetScanStatusReplySchema xmlns:xsi="http://www.w3.org/2001/XMLSchema-instance" xmlns:xsd="http://www.w3.org/2001/XMLSchema" xmlns="CxWebAPI.xsd">
  <IsSuccesfull>true</IsSuccesfull>
  <ReturnValue>
    <Status RunId="2a38f7ad-47cd-44f5-9b5e-f9df35f11d2b" RunStatus="Finished" TotalPercent="100" CurrentStage="2147483647" StageName="" CurrentStagePercent="0" StageMessage="Finish saving results" StepMessage="" Details="" TimeStarted="29/03/2011 02:05:50" TimeFinished="29/03/2011 02:08:30" QueuePosition="-1" />
  </ReturnValue>
</GetScanStatusReplySchema>)
2011-03-29 11:14:33,985 [pool-2-thread-1] (WaitScanCompletionJob.java:68) INFO  - Total scan worked: 100%
2011-03-29 11:14:33,985 [pool-2-thread-1] (WaitScanCompletionJob.java:88) INFO  - Current stage: Finish saving results
2011-03-29 11:14:33,985 [pool-2-thread-1] (WaitScanCompletionJob.java:94) TRACE - Finished
Finish saving results (0%) 
2011-03-29 11:14:33,985 [pool-1-thread-1] (CxScanJob.java:158) INFO  - Retrieving results
2011-03-29 12:47:10,436 [pool-1-thread-1] (CxScanJob.java:78) INFO  - Packing project
2011-03-29 12:47:12,546 [pool-1-thread-1] (CxScanJob.java:97) INFO  - Project name is "console.project_1301395632546"
2011-03-29 12:47:12,561 [pool-1-thread-1] (CxScanJob.java:106) INFO  - Log in
2011-03-29 12:47:12,936 [pool-1-thread-1] (CxScanJob.java:112) INFO  - Retrieving scan configurations
2011-03-29 12:47:13,030 [pool-1-thread-1] (CxScanJob.java:130) INFO  - Request scan
2011-03-29 12:47:14,171 [pool-1-thread-1] (CxScanJob.java:416) TRACE - Project scan request response:RunScanResult(scanId:800b527d-6b5d-41b3-852d-f18f28299a8e)
2011-03-29 12:47:14,264 [pool-2-thread-1] (WaitScanCompletionJob.java:56) TRACE - getScanStatus: GetStatusOfScanResult(<?xml version="1.0" encoding="utf-16"?>
<GetScanStatusReplySchema xmlns:xsi="http://www.w3.org/2001/XMLSchema-instance" xmlns:xsd="http://www.w3.org/2001/XMLSchema" xmlns="CxWebAPI.xsd">
  <IsSuccesfull>true</IsSuccesfull>
  <ReturnValue>
    <Status RunId="800b527d-6b5d-41b3-852d-f18f28299a8e" RunStatus="Queued" TotalPercent="0" CurrentStage="0" StageName="" CurrentStagePercent="0" StageMessage="" StepMessage="" Details="" TimeStarted="29/03/2011 03:41:32" TimeFinished="29/03/2013 03:41:32" QueuePosition="-1" />
  </ReturnValue>
</GetScanStatusReplySchema>)
2011-03-29 12:47:14,499 [pool-2-thread-1] (WaitScanCompletionJob.java:68) INFO  - Total scan worked: 0%
2011-03-29 12:47:14,514 [pool-2-thread-1] (WaitScanCompletionJob.java:90) INFO  - Scan state: Queued
2011-03-29 12:47:14,514 [pool-2-thread-1] (WaitScanCompletionJob.java:94) TRACE - Queued
 (0%) 
2011-03-29 12:48:14,817 [pool-2-thread-1] (WaitScanCompletionJob.java:56) TRACE - getScanStatus: GetStatusOfScanResult(<?xml version="1.0" encoding="utf-16"?>
<GetScanStatusReplySchema xmlns:xsi="http://www.w3.org/2001/XMLSchema-instance" xmlns:xsd="http://www.w3.org/2001/XMLSchema" xmlns="CxWebAPI.xsd">
  <IsSuccesfull>true</IsSuccesfull>
  <ReturnValue>
    <Status RunId="800b527d-6b5d-41b3-852d-f18f28299a8e" RunStatus="Running" TotalPercent="43" CurrentStage="19" StageName="Optimizing internal representation, Stage 5" CurrentStagePercent="56" StageMessage="" StepMessage="Processing # 1422 of 2496" Details="N/A" TimeStarted="29/03/2011 03:41:32" TimeFinished="29/03/2013 03:41:32" QueuePosition="-1" />
  </ReturnValue>
</GetScanStatusReplySchema>)
2011-03-29 12:48:14,911 [pool-2-thread-1] (WaitScanCompletionJob.java:68) INFO  - Total scan worked: 43%
2011-03-29 12:48:15,207 [pool-2-thread-1] (WaitScanCompletionJob.java:86) INFO  - Current stage:  "Optimizing internal representation, Stage 5"
2011-03-29 12:48:15,395 [pool-2-thread-1] (WaitScanCompletionJob.java:94) TRACE - Running "Optimizing internal representation, Stage 5"
 (56%) Processing # 1422 of 2496
2011-03-29 12:49:14,869 [pool-2-thread-1] (WaitScanCompletionJob.java:56) TRACE - getScanStatus: GetStatusOfScanResult(<?xml version="1.0" encoding="utf-16"?>
<GetScanStatusReplySchema xmlns:xsi="http://www.w3.org/2001/XMLSchema-instance" xmlns:xsd="http://www.w3.org/2001/XMLSchema" xmlns="CxWebAPI.xsd">
  <IsSuccesfull>true</IsSuccesfull>
  <ReturnValue>
    <Status RunId="800b527d-6b5d-41b3-852d-f18f28299a8e" RunStatus="Running" TotalPercent="99" CurrentStage="20" StageName="Querying" CurrentStagePercent="99" StageMessage="Running query: Weak_Password_Authentication" StepMessage="Processing # 135 of 136" Details="Weak_Password_Authentication" TimeStarted="29/03/2011 03:41:32" TimeFinished="29/03/2013 03:41:32" QueuePosition="-1" />
  </ReturnValue>
</GetScanStatusReplySchema>)
2011-03-29 12:49:14,885 [pool-2-thread-1] (WaitScanCompletionJob.java:68) INFO  - Total scan worked: 99%
2011-03-29 12:49:14,885 [pool-2-thread-1] (WaitScanCompletionJob.java:84) INFO  - Current stage:  "Querying" - Running query: Weak_Password_Authentication
2011-03-29 12:49:14,885 [pool-2-thread-1] (WaitScanCompletionJob.java:94) TRACE - Running "Querying"
Running query: Weak_Password_Authentication (99%) Processing # 135 of 136
2011-03-29 12:50:14,906 [pool-2-thread-1] (WaitScanCompletionJob.java:56) TRACE - getScanStatus: GetStatusOfScanResult(<?xml version="1.0" encoding="utf-16"?>
<GetScanStatusReplySchema xmlns:xsi="http://www.w3.org/2001/XMLSchema-instance" xmlns:xsd="http://www.w3.org/2001/XMLSchema" xmlns="CxWebAPI.xsd">
  <IsSuccesfull>true</IsSuccesfull>
  <ReturnValue>
    <Status RunId="800b527d-6b5d-41b3-852d-f18f28299a8e" RunStatus="Finished" TotalPercent="100" CurrentStage="2147483647" StageName="" CurrentStagePercent="0" StageMessage="Finish saving results" StepMessage="" Details="" TimeStarted="29/03/2011 03:41:32" TimeFinished="29/03/2011 03:44:09" QueuePosition="-1" />
  </ReturnValue>
</GetScanStatusReplySchema>)
2011-03-29 12:50:14,906 [pool-2-thread-1] (WaitScanCompletionJob.java:68) INFO  - Total scan worked: 100%
2011-03-29 12:50:14,906 [pool-2-thread-1] (WaitScanCompletionJob.java:88) INFO  - Current stage: Finish saving results
2011-03-29 12:50:14,921 [pool-2-thread-1] (WaitScanCompletionJob.java:94) TRACE - Finished
Finish saving results (0%) 
2011-03-29 12:50:14,921 [pool-1-thread-1] (CxScanJob.java:158) INFO  - Retrieving results
2011-03-29 13:41:30,431 [pool-1-thread-1] (CxScanJob.java:78) INFO  - Packing project
2011-03-29 13:41:33,728 [pool-1-thread-1] (CxScanJob.java:97) INFO  - Project name is "console.project_1301398893728"
2011-03-29 13:41:33,728 [pool-1-thread-1] (CxScanJob.java:106) INFO  - Log in
2011-03-29 13:41:34,119 [pool-1-thread-1] (CxScanJob.java:112) INFO  - Retrieving scan configurations
2011-03-29 13:41:34,197 [pool-1-thread-1] (CxScanJob.java:130) INFO  - Request scan
2011-03-29 13:41:35,166 [pool-1-thread-1] (CxScanJob.java:416) TRACE - Project scan request response:RunScanResult(scanId:65423328-c63a-4479-afb5-c4e1210e8419)
2011-03-29 13:41:35,182 [pool-2-thread-1] (WaitScanCompletionJob.java:56) TRACE - getScanStatus: GetStatusOfScanResult(<?xml version="1.0" encoding="utf-16"?>
<GetScanStatusReplySchema xmlns:xsi="http://www.w3.org/2001/XMLSchema-instance" xmlns:xsd="http://www.w3.org/2001/XMLSchema" xmlns="CxWebAPI.xsd">
  <IsSuccesfull>true</IsSuccesfull>
  <ReturnValue>
    <Status RunId="65423328-c63a-4479-afb5-c4e1210e8419" RunStatus="Queued" TotalPercent="0" CurrentStage="0" StageName="" CurrentStagePercent="0" StageMessage="" StepMessage="" Details="" TimeStarted="29/03/2011 04:35:53" TimeFinished="29/03/2013 04:35:53" QueuePosition="-1" />
  </ReturnValue>
</GetScanStatusReplySchema>)
2011-03-29 13:41:35,182 [pool-2-thread-1] (WaitScanCompletionJob.java:68) INFO  - Total scan worked: 0%
2011-03-29 13:41:35,197 [pool-2-thread-1] (WaitScanCompletionJob.java:90) INFO  - Scan state: Queued
2011-03-29 13:41:35,197 [pool-2-thread-1] (WaitScanCompletionJob.java:94) TRACE - Queued
 (0%) 
2011-03-29 13:42:35,218 [pool-2-thread-1] (WaitScanCompletionJob.java:56) TRACE - getScanStatus: GetStatusOfScanResult(<?xml version="1.0" encoding="utf-16"?>
<GetScanStatusReplySchema xmlns:xsi="http://www.w3.org/2001/XMLSchema-instance" xmlns:xsd="http://www.w3.org/2001/XMLSchema" xmlns="CxWebAPI.xsd">
  <IsSuccesfull>true</IsSuccesfull>
  <ReturnValue>
    <Status RunId="65423328-c63a-4479-afb5-c4e1210e8419" RunStatus="Running" TotalPercent="43" CurrentStage="19" StageName="Optimizing internal representation, Stage 5" CurrentStagePercent="56" StageMessage="" StepMessage="Processing # 1422 of 2496" Details="N/A" TimeStarted="29/03/2011 04:35:53" TimeFinished="29/03/2013 04:35:53" QueuePosition="-1" />
  </ReturnValue>
</GetScanStatusReplySchema>)
2011-03-29 13:42:35,218 [pool-2-thread-1] (WaitScanCompletionJob.java:68) INFO  - Total scan worked: 43%
2011-03-29 13:42:35,218 [pool-2-thread-1] (WaitScanCompletionJob.java:86) INFO  - Current stage:  "Optimizing internal representation, Stage 5"
2011-03-29 13:42:35,218 [pool-2-thread-1] (WaitScanCompletionJob.java:94) TRACE - Running "Optimizing internal representation, Stage 5"
 (56%) Processing # 1422 of 2496
2011-03-29 13:43:35,442 [pool-2-thread-1] (WaitScanCompletionJob.java:56) TRACE - getScanStatus: GetStatusOfScanResult(<?xml version="1.0" encoding="utf-16"?>
<GetScanStatusReplySchema xmlns:xsi="http://www.w3.org/2001/XMLSchema-instance" xmlns:xsd="http://www.w3.org/2001/XMLSchema" xmlns="CxWebAPI.xsd">
  <IsSuccesfull>true</IsSuccesfull>
  <ReturnValue>
    <Status RunId="65423328-c63a-4479-afb5-c4e1210e8419" RunStatus="Running" TotalPercent="99" CurrentStage="20" StageName="Querying" CurrentStagePercent="98" StageMessage="Running query: DOM_XSS" StepMessage="Processing # 134 of 136" Details="DOM_XSS" TimeStarted="29/03/2011 04:35:53" TimeFinished="29/03/2013 04:35:53" QueuePosition="-1" />
  </ReturnValue>
</GetScanStatusReplySchema>)
2011-03-29 13:43:35,458 [pool-2-thread-1] (WaitScanCompletionJob.java:68) INFO  - Total scan worked: 99%
2011-03-29 13:43:35,458 [pool-2-thread-1] (WaitScanCompletionJob.java:84) INFO  - Current stage:  "Querying" - Running query: DOM_XSS
2011-03-29 13:43:35,458 [pool-2-thread-1] (WaitScanCompletionJob.java:94) TRACE - Running "Querying"
Running query: DOM_XSS (98%) Processing # 134 of 136
2011-03-29 13:44:35,651 [pool-2-thread-1] (WaitScanCompletionJob.java:56) TRACE - getScanStatus: GetStatusOfScanResult(<?xml version="1.0" encoding="utf-16"?>
<GetScanStatusReplySchema xmlns:xsi="http://www.w3.org/2001/XMLSchema-instance" xmlns:xsd="http://www.w3.org/2001/XMLSchema" xmlns="CxWebAPI.xsd">
  <IsSuccesfull>true</IsSuccesfull>
  <ReturnValue>
    <Status RunId="65423328-c63a-4479-afb5-c4e1210e8419" RunStatus="Finished" TotalPercent="100" CurrentStage="2147483647" StageName="" CurrentStagePercent="0" StageMessage="Finish saving results" StepMessage="" Details="" TimeStarted="29/03/2011 04:35:53" TimeFinished="29/03/2011 04:38:25" QueuePosition="-1" />
  </ReturnValue>
</GetScanStatusReplySchema>)
2011-03-29 13:44:35,698 [pool-2-thread-1] (WaitScanCompletionJob.java:68) INFO  - Total scan worked: 100%
2011-03-29 13:44:35,698 [pool-2-thread-1] (WaitScanCompletionJob.java:88) INFO  - Current stage: Finish saving results
2011-03-29 13:44:35,698 [pool-2-thread-1] (WaitScanCompletionJob.java:94) TRACE - Finished
Finish saving results (0%) 
2011-03-29 13:44:35,698 [pool-1-thread-1] (CxScanJob.java:158) INFO  - Retrieving results
2011-05-26 23:35:08,893 [pool-1-thread-1] (CxScanJob.java:78) INFO  - Packing project
2011-05-26 23:35:14,723 [pool-1-thread-1] (CxScanJob.java:97) INFO  - Project name is "console.project_1306442114723"
2011-05-26 23:35:14,723 [pool-1-thread-1] (CxScanJob.java:106) INFO  - Log in
2011-05-26 23:35:15,004 [pool-1-thread-1] (CxScanJob.java:112) INFO  - Retrieving scan configurations
2011-05-26 23:35:15,082 [pool-1-thread-1] (CxScanJob.java:130) INFO  - Request scan
2011-05-26 23:35:16,082 [pool-1-thread-1] (CxScanJob.java:416) TRACE - Project scan request response:RunScanResult(scanId:7c916b62-8f5c-4b71-893d-9756dde58693)
2011-05-26 23:35:16,129 [pool-2-thread-1] (WaitScanCompletionJob.java:56) TRACE - getScanStatus: GetStatusOfScanResult(<?xml version="1.0" encoding="utf-16"?>
<GetScanStatusReplySchema xmlns:xsi="http://www.w3.org/2001/XMLSchema-instance" xmlns:xsd="http://www.w3.org/2001/XMLSchema" xmlns="CxWebAPI.xsd">
  <IsSuccesfull>true</IsSuccesfull>
  <ReturnValue>
    <Status RunId="7c916b62-8f5c-4b71-893d-9756dde58693" RunStatus="Queued" TotalPercent="0" CurrentStage="0" StageName="" CurrentStagePercent="0" StageMessage="" StepMessage="" Details="" TimeStarted="26/05/2011 23:26:54" TimeFinished="26/05/2013 23:26:54" QueuePosition="-1" />
  </ReturnValue>
</GetScanStatusReplySchema>)
2011-05-26 23:35:16,129 [pool-2-thread-1] (WaitScanCompletionJob.java:68) INFO  - Total scan worked: 0%
2011-05-26 23:35:16,129 [pool-2-thread-1] (WaitScanCompletionJob.java:90) INFO  - Scan state: Queued
2011-05-26 23:35:16,129 [pool-2-thread-1] (WaitScanCompletionJob.java:94) TRACE - Queued
 (0%) 
2011-05-26 23:36:16,155 [pool-2-thread-1] (WaitScanCompletionJob.java:56) TRACE - getScanStatus: GetStatusOfScanResult(<?xml version="1.0" encoding="utf-16"?>
<GetScanStatusReplySchema xmlns:xsi="http://www.w3.org/2001/XMLSchema-instance" xmlns:xsd="http://www.w3.org/2001/XMLSchema" xmlns="CxWebAPI.xsd">
  <IsSuccesfull>true</IsSuccesfull>
  <ReturnValue>
    <Status RunId="7c916b62-8f5c-4b71-893d-9756dde58693" RunStatus="Running" TotalPercent="43" CurrentStage="19" StageName="Optimizing internal representation, Stage 5" CurrentStagePercent="50" StageMessage="Stage # 20 of 22" StepMessage="Processing # 1248 of 2496" Details="Stage # 20 of 22" TimeStarted="26/05/2011 23:26:54" TimeFinished="26/05/2013 23:26:54" QueuePosition="-1" />
  </ReturnValue>
</GetScanStatusReplySchema>)
2011-05-26 23:36:16,155 [pool-2-thread-1] (WaitScanCompletionJob.java:68) INFO  - Total scan worked: 43%
2011-05-26 23:36:16,155 [pool-2-thread-1] (WaitScanCompletionJob.java:84) INFO  - Current stage:  "Optimizing internal representation, Stage 5" - Stage # 20 of 22
2011-05-26 23:36:16,155 [pool-2-thread-1] (WaitScanCompletionJob.java:94) TRACE - Running "Optimizing internal representation, Stage 5"
Stage # 20 of 22 (50%) Processing # 1248 of 2496
2011-05-26 23:37:16,180 [pool-2-thread-1] (WaitScanCompletionJob.java:56) TRACE - getScanStatus: GetStatusOfScanResult(<?xml version="1.0" encoding="utf-16"?>
<GetScanStatusReplySchema xmlns:xsi="http://www.w3.org/2001/XMLSchema-instance" xmlns:xsd="http://www.w3.org/2001/XMLSchema" xmlns="CxWebAPI.xsd">
  <IsSuccesfull>true</IsSuccesfull>
  <ReturnValue>
    <Status RunId="7c916b62-8f5c-4b71-893d-9756dde58693" RunStatus="Running" TotalPercent="99" CurrentStage="20" CurrentStagePercent="0" StageMessage="Saving results..." Details="Weak_Password_Authentication" TimeStarted="26/05/2011 23:26:54" TimeFinished="26/05/2011 23:28:53" QueuePosition="-1" />
  </ReturnValue>
</GetScanStatusReplySchema>)
2011-05-26 23:37:16,180 [pool-2-thread-1] (WaitScanCompletionJob.java:68) INFO  - Total scan worked: 99%
2011-05-26 23:37:16,196 [pool-2-thread-1] (WaitScanCompletionJob.java:88) INFO  - Current stage: Saving results...
2011-05-26 23:37:16,196 [pool-2-thread-1] (WaitScanCompletionJob.java:94) TRACE - Running
Saving results... (0%) 
2011-05-26 23:38:16,206 [pool-2-thread-1] (WaitScanCompletionJob.java:56) TRACE - getScanStatus: GetStatusOfScanResult(<?xml version="1.0" encoding="utf-16"?>
<GetScanStatusReplySchema xmlns:xsi="http://www.w3.org/2001/XMLSchema-instance" xmlns:xsd="http://www.w3.org/2001/XMLSchema" xmlns="CxWebAPI.xsd">
  <IsSuccesfull>true</IsSuccesfull>
  <ReturnValue>
    <Status RunId="7c916b62-8f5c-4b71-893d-9756dde58693" RunStatus="Finished" TotalPercent="100" CurrentStage="2147483647" StageName="" CurrentStagePercent="0" StageMessage="Finish saving results" StepMessage="" Details="" TimeStarted="26/05/2011 23:26:54" TimeFinished="26/05/2011 23:29:21" QueuePosition="-1" />
  </ReturnValue>
</GetScanStatusReplySchema>)
2011-05-26 23:38:16,206 [pool-2-thread-1] (WaitScanCompletionJob.java:68) INFO  - Total scan worked: 100%
2011-05-26 23:38:16,222 [pool-2-thread-1] (WaitScanCompletionJob.java:88) INFO  - Current stage: Finish saving results
2011-05-26 23:38:16,222 [pool-2-thread-1] (WaitScanCompletionJob.java:94) TRACE - Finished
Finish saving results (0%) 
2011-05-26 23:38:16,222 [pool-1-thread-1] (CxScanJob.java:158) INFO  - Retrieving results
2011-05-30 22:36:08,754 [pool-1-thread-1] (CxScanJob.java:78) INFO  - Packing project
2011-05-30 22:36:13,411 [pool-1-thread-1] (CxScanJob.java:97) INFO  - Project name is "console.project_1306784173411"
2011-05-30 22:36:13,411 [pool-1-thread-1] (CxScanJob.java:106) INFO  - Log in
2011-05-30 22:36:13,770 [pool-1-thread-1] (CxScanJob.java:112) INFO  - Retrieving scan configurations
2011-05-30 22:36:13,864 [pool-1-thread-1] (CxScanJob.java:130) INFO  - Request scan
2011-05-30 22:36:14,927 [pool-1-thread-1] (CxScanJob.java:416) TRACE - Project scan request response:RunScanResult(scanId:25abaeda-925d-4903-a8a0-d36abe09f724)
2011-05-30 22:36:14,942 [pool-2-thread-1] (WaitScanCompletionJob.java:56) TRACE - getScanStatus: GetStatusOfScanResult(<?xml version="1.0" encoding="utf-16"?>
<GetScanStatusReplySchema xmlns:xsi="http://www.w3.org/2001/XMLSchema-instance" xmlns:xsd="http://www.w3.org/2001/XMLSchema" xmlns="CxWebAPI.xsd">
  <IsSuccesfull>true</IsSuccesfull>
  <ReturnValue>
    <Status RunId="25abaeda-925d-4903-a8a0-d36abe09f724" RunStatus="Queued" TotalPercent="0" CurrentStage="0" StageName="" CurrentStagePercent="0" StageMessage="" StepMessage="" Details="" TimeStarted="30/05/2011 22:35:57" TimeFinished="30/05/2013 22:35:57" QueuePosition="-1" />
  </ReturnValue>
</GetScanStatusReplySchema>)
2011-05-30 22:36:14,942 [pool-2-thread-1] (WaitScanCompletionJob.java:68) INFO  - Total scan worked: 0%
2011-05-30 22:36:14,942 [pool-2-thread-1] (WaitScanCompletionJob.java:90) INFO  - Scan state: Queued
2011-05-30 22:36:14,942 [pool-2-thread-1] (WaitScanCompletionJob.java:94) TRACE - Queued
 (0%) 
2011-05-30 22:37:14,967 [pool-2-thread-1] (WaitScanCompletionJob.java:56) TRACE - getScanStatus: GetStatusOfScanResult(<?xml version="1.0" encoding="utf-16"?>
<GetScanStatusReplySchema xmlns:xsi="http://www.w3.org/2001/XMLSchema-instance" xmlns:xsd="http://www.w3.org/2001/XMLSchema" xmlns="CxWebAPI.xsd">
  <IsSuccesfull>true</IsSuccesfull>
  <ReturnValue>
    <Status RunId="25abaeda-925d-4903-a8a0-d36abe09f724" RunStatus="Running" TotalPercent="43" CurrentStage="19" StageName="Optimizing internal representation, Stage 5" CurrentStagePercent="38" StageMessage="Stage # 20 of 22" StepMessage="Processing # 950 of 2496" Details="Stage # 20 of 22" TimeStarted="30/05/2011 22:35:57" TimeFinished="30/05/2013 22:35:57" QueuePosition="-1" />
  </ReturnValue>
</GetScanStatusReplySchema>)
2011-05-30 22:37:14,967 [pool-2-thread-1] (WaitScanCompletionJob.java:68) INFO  - Total scan worked: 43%
2011-05-30 22:37:14,967 [pool-2-thread-1] (WaitScanCompletionJob.java:84) INFO  - Current stage:  "Optimizing internal representation, Stage 5" - Stage # 20 of 22
2011-05-30 22:37:14,967 [pool-2-thread-1] (WaitScanCompletionJob.java:94) TRACE - Running "Optimizing internal representation, Stage 5"
Stage # 20 of 22 (38%) Processing # 950 of 2496
2011-05-30 22:38:14,991 [pool-2-thread-1] (WaitScanCompletionJob.java:56) TRACE - getScanStatus: GetStatusOfScanResult(<?xml version="1.0" encoding="utf-16"?>
<GetScanStatusReplySchema xmlns:xsi="http://www.w3.org/2001/XMLSchema-instance" xmlns:xsd="http://www.w3.org/2001/XMLSchema" xmlns="CxWebAPI.xsd">
  <IsSuccesfull>true</IsSuccesfull>
  <ReturnValue>
    <Status RunId="25abaeda-925d-4903-a8a0-d36abe09f724" RunStatus="Running" TotalPercent="95" CurrentStage="20" StageName="Querying" CurrentStagePercent="91" StageMessage="Running query: DOM_URL_Redirection_Attack" StepMessage="Processing # 122 of 134" Details="DOM_URL_Redirection_Attack" TimeStarted="30/05/2011 22:35:57" TimeFinished="30/05/2013 22:35:57" QueuePosition="-1" />
  </ReturnValue>
</GetScanStatusReplySchema>)
2011-05-30 22:38:14,991 [pool-2-thread-1] (WaitScanCompletionJob.java:68) INFO  - Total scan worked: 95%
2011-05-30 22:38:14,991 [pool-2-thread-1] (WaitScanCompletionJob.java:84) INFO  - Current stage:  "Querying" - Running query: DOM_URL_Redirection_Attack
2011-05-30 22:38:14,991 [pool-2-thread-1] (WaitScanCompletionJob.java:94) TRACE - Running "Querying"
Running query: DOM_URL_Redirection_Attack (91%) Processing # 122 of 134
2011-05-30 22:39:15,016 [pool-2-thread-1] (WaitScanCompletionJob.java:56) TRACE - getScanStatus: GetStatusOfScanResult(<?xml version="1.0" encoding="utf-16"?>
<GetScanStatusReplySchema xmlns:xsi="http://www.w3.org/2001/XMLSchema-instance" xmlns:xsd="http://www.w3.org/2001/XMLSchema" xmlns="CxWebAPI.xsd">
  <IsSuccesfull>true</IsSuccesfull>
  <ReturnValue>
    <Status RunId="25abaeda-925d-4903-a8a0-d36abe09f724" RunStatus="Finished" TotalPercent="100" CurrentStage="2147483647" StageName="" CurrentStagePercent="0" StageMessage="Finish saving results" StepMessage="" Details="" TimeStarted="30/05/2011 22:35:57" TimeFinished="30/05/2011 22:38:35" QueuePosition="-1" />
  </ReturnValue>
</GetScanStatusReplySchema>)
2011-05-30 22:39:15,016 [pool-2-thread-1] (WaitScanCompletionJob.java:68) INFO  - Total scan worked: 100%
2011-05-30 22:39:15,016 [pool-2-thread-1] (WaitScanCompletionJob.java:88) INFO  - Current stage: Finish saving results
2011-05-30 22:39:15,016 [pool-2-thread-1] (WaitScanCompletionJob.java:94) TRACE - Finished
Finish saving results (0%) 
2011-05-30 22:39:15,016 [pool-1-thread-1] (CxScanJob.java:158) INFO  - Retrieving results
2011-06-01 22:23:38,356 [pool-1-thread-1] (CxScanJob.java:78) INFO  - Packing project
2011-06-01 22:23:39,622 [pool-1-thread-1] (CxScanJob.java:97) INFO  - Project name is "console.project_1306956219622"
2011-06-01 22:23:39,638 [pool-1-thread-1] (CxScanJob.java:106) INFO  - Log in
2011-06-01 22:23:40,184 [pool-1-thread-1] (CxScanJob.java:112) INFO  - Retrieving scan configurations
2011-06-01 22:23:40,310 [pool-1-thread-1] (CxScanJob.java:130) INFO  - Request scan
2011-06-01 22:23:43,826 [pool-1-thread-1] (CxScanJob.java:416) TRACE - Project scan request response:RunScanResult(scanId:4056c644-3388-435d-bb8a-76033f8ff8fb)
2011-06-01 22:23:43,857 [pool-2-thread-1] (WaitScanCompletionJob.java:56) TRACE - getScanStatus: GetStatusOfScanResult(<?xml version="1.0" encoding="utf-16"?>
<GetScanStatusReplySchema xmlns:xsi="http://www.w3.org/2001/XMLSchema-instance" xmlns:xsd="http://www.w3.org/2001/XMLSchema" xmlns="CxWebAPI.xsd">
  <IsSuccesfull>true</IsSuccesfull>
  <ReturnValue>
    <Status RunId="4056c644-3388-435d-bb8a-76033f8ff8fb" RunStatus="Queued" TotalPercent="0" CurrentStage="0" StageName="" CurrentStagePercent="0" StageMessage="" StepMessage="" Details="" TimeStarted="01/06/2011 22:23:28" TimeFinished="01/06/2013 22:23:28" QueuePosition="-1" />
  </ReturnValue>
</GetScanStatusReplySchema>)
2011-06-01 22:23:43,857 [pool-2-thread-1] (WaitScanCompletionJob.java:68) INFO  - Total scan worked: 0%
2011-06-01 22:23:43,857 [pool-2-thread-1] (WaitScanCompletionJob.java:90) INFO  - Scan state: Queued
2011-06-01 22:23:43,857 [pool-2-thread-1] (WaitScanCompletionJob.java:94) TRACE - Queued
 (0%) 
2011-06-01 22:24:43,897 [pool-2-thread-1] (WaitScanCompletionJob.java:56) TRACE - getScanStatus: GetStatusOfScanResult(<?xml version="1.0" encoding="utf-16"?>
<GetScanStatusReplySchema xmlns:xsi="http://www.w3.org/2001/XMLSchema-instance" xmlns:xsd="http://www.w3.org/2001/XMLSchema" xmlns="CxWebAPI.xsd">
  <IsSuccesfull>true</IsSuccesfull>
  <ReturnValue>
    <Status RunId="4056c644-3388-435d-bb8a-76033f8ff8fb" RunStatus="Running" TotalPercent="43" CurrentStage="19" StageName="Optimizing internal representation, Stage 5" CurrentStagePercent="39" StageMessage="Stage # 20 of 22" StepMessage="Processing # 991 of 2496" Details="Stage # 20 of 22" TimeStarted="01/06/2011 22:23:28" TimeFinished="01/06/2013 22:23:28" QueuePosition="-1" />
  </ReturnValue>
</GetScanStatusReplySchema>)
2011-06-01 22:24:43,897 [pool-2-thread-1] (WaitScanCompletionJob.java:68) INFO  - Total scan worked: 43%
2011-06-01 22:24:43,897 [pool-2-thread-1] (WaitScanCompletionJob.java:84) INFO  - Current stage:  "Optimizing internal representation, Stage 5" - Stage # 20 of 22
2011-06-01 22:24:43,897 [pool-2-thread-1] (WaitScanCompletionJob.java:94) TRACE - Running "Optimizing internal representation, Stage 5"
Stage # 20 of 22 (39%) Processing # 991 of 2496
2011-06-01 22:25:43,953 [pool-2-thread-1] (WaitScanCompletionJob.java:56) TRACE - getScanStatus: GetStatusOfScanResult(<?xml version="1.0" encoding="utf-16"?>
<GetScanStatusReplySchema xmlns:xsi="http://www.w3.org/2001/XMLSchema-instance" xmlns:xsd="http://www.w3.org/2001/XMLSchema" xmlns="CxWebAPI.xsd">
  <IsSuccesfull>true</IsSuccesfull>
  <ReturnValue>
    <Status RunId="4056c644-3388-435d-bb8a-76033f8ff8fb" RunStatus="Running" TotalPercent="90" CurrentStage="20" StageName="Querying" CurrentStagePercent="81" StageMessage="Running query: TraceEnabled" StepMessage="Processing # 109 of 134" Details="TraceEnabled" TimeStarted="01/06/2011 22:23:28" TimeFinished="01/06/2013 22:23:28" QueuePosition="-1" />
  </ReturnValue>
</GetScanStatusReplySchema>)
2011-06-01 22:25:43,953 [pool-2-thread-1] (WaitScanCompletionJob.java:68) INFO  - Total scan worked: 90%
2011-06-01 22:25:43,953 [pool-2-thread-1] (WaitScanCompletionJob.java:84) INFO  - Current stage:  "Querying" - Running query: TraceEnabled
2011-06-01 22:25:43,968 [pool-2-thread-1] (WaitScanCompletionJob.java:94) TRACE - Running "Querying"
Running query: TraceEnabled (81%) Processing # 109 of 134
2011-06-01 22:26:43,977 [pool-2-thread-1] (WaitScanCompletionJob.java:56) TRACE - getScanStatus: GetStatusOfScanResult(<?xml version="1.0" encoding="utf-16"?>
<GetScanStatusReplySchema xmlns:xsi="http://www.w3.org/2001/XMLSchema-instance" xmlns:xsd="http://www.w3.org/2001/XMLSchema" xmlns="CxWebAPI.xsd">
  <IsSuccesfull>true</IsSuccesfull>
  <ReturnValue>
    <Status RunId="4056c644-3388-435d-bb8a-76033f8ff8fb" RunStatus="Finished" TotalPercent="100" CurrentStage="2147483647" StageName="" CurrentStagePercent="0" StageMessage="Finish saving results" StepMessage="" Details="" TimeStarted="01/06/2011 22:23:28" TimeFinished="01/06/2011 22:26:14" QueuePosition="-1" />
  </ReturnValue>
</GetScanStatusReplySchema>)
2011-06-01 22:26:43,977 [pool-2-thread-1] (WaitScanCompletionJob.java:68) INFO  - Total scan worked: 100%
2011-06-01 22:26:43,993 [pool-2-thread-1] (WaitScanCompletionJob.java:88) INFO  - Current stage: Finish saving results
2011-06-01 22:26:44,024 [pool-2-thread-1] (WaitScanCompletionJob.java:94) TRACE - Finished
Finish saving results (0%) 
2011-06-01 22:26:44,071 [pool-1-thread-1] (CxScanJob.java:158) INFO  - Retrieving results
2011-06-09 00:48:48,965 [pool-1-thread-1] (CxScanJob.java:78) INFO  - Packing project
2011-06-09 00:48:50,997 [pool-1-thread-1] (CxScanJob.java:97) INFO  - Project name is "console.project_1307569730997"
2011-06-09 00:48:50,997 [pool-1-thread-1] (CxScanJob.java:106) INFO  - Log in
2011-06-09 00:48:51,372 [pool-1-thread-1] (CxScanJob.java:112) INFO  - Retrieving scan configurations
2011-06-09 00:48:51,466 [pool-1-thread-1] (CxScanJob.java:130) INFO  - Request scan
2011-06-09 00:48:57,904 [pool-1-thread-1] (CxScanJob.java:416) TRACE - Project scan request response:RunScanResult(scanId:a4ae5ddc-a621-4f7d-9cbc-300543d84e25)
2011-06-09 00:48:57,935 [pool-2-thread-1] (WaitScanCompletionJob.java:56) TRACE - getScanStatus: GetStatusOfScanResult(<?xml version="1.0" encoding="utf-16"?>
<GetScanStatusReplySchema xmlns:xsi="http://www.w3.org/2001/XMLSchema-instance" xmlns:xsd="http://www.w3.org/2001/XMLSchema" xmlns="CxWebAPI.xsd">
  <IsSuccesfull>true</IsSuccesfull>
  <ReturnValue>
    <Status RunId="a4ae5ddc-a621-4f7d-9cbc-300543d84e25" RunStatus="Queued" TotalPercent="0" CurrentStage="0" StageName="" CurrentStagePercent="0" StageMessage="" StepMessage="" Details="" TimeStarted="09/06/2011 00:40:47" TimeFinished="09/06/2013 00:40:47" QueuePosition="-1" />
  </ReturnValue>
</GetScanStatusReplySchema>)
2011-06-09 00:48:57,935 [pool-2-thread-1] (WaitScanCompletionJob.java:68) INFO  - Total scan worked: 0%
2011-06-09 00:48:57,935 [pool-2-thread-1] (WaitScanCompletionJob.java:90) INFO  - Scan state: Queued
2011-06-09 00:48:57,935 [pool-2-thread-1] (WaitScanCompletionJob.java:94) TRACE - Queued
 (0%) 
2011-06-09 00:49:57,960 [pool-2-thread-1] (WaitScanCompletionJob.java:56) TRACE - getScanStatus: GetStatusOfScanResult(<?xml version="1.0" encoding="utf-16"?>
<GetScanStatusReplySchema xmlns:xsi="http://www.w3.org/2001/XMLSchema-instance" xmlns:xsd="http://www.w3.org/2001/XMLSchema" xmlns="CxWebAPI.xsd">
  <IsSuccesfull>true</IsSuccesfull>
  <ReturnValue>
    <Status RunId="a4ae5ddc-a621-4f7d-9cbc-300543d84e25" RunStatus="Running" TotalPercent="40" CurrentStage="18" StageName="Optimizing internal representation, Stage 4" CurrentStagePercent="100" StageMessage="Stage # 19 of 22" StepMessage="Processing # 2415 of 2415" Details="Book_Store.EditorialCatRecord.Checkmarx_Class_Init" TimeStarted="09/06/2011 00:40:47" TimeFinished="09/06/2013 00:40:47" QueuePosition="-1" />
  </ReturnValue>
</GetScanStatusReplySchema>)
2011-06-09 00:49:57,960 [pool-2-thread-1] (WaitScanCompletionJob.java:68) INFO  - Total scan worked: 40%
2011-06-09 00:49:57,960 [pool-2-thread-1] (WaitScanCompletionJob.java:84) INFO  - Current stage:  "Optimizing internal representation, Stage 4" - Stage # 19 of 22
2011-06-09 00:49:57,960 [pool-2-thread-1] (WaitScanCompletionJob.java:94) TRACE - Running "Optimizing internal representation, Stage 4"
Stage # 19 of 22 (100%) Processing # 2415 of 2415
2011-06-09 00:50:57,999 [pool-2-thread-1] (WaitScanCompletionJob.java:56) TRACE - getScanStatus: GetStatusOfScanResult(<?xml version="1.0" encoding="utf-16"?>
<GetScanStatusReplySchema xmlns:xsi="http://www.w3.org/2001/XMLSchema-instance" xmlns:xsd="http://www.w3.org/2001/XMLSchema" xmlns="CxWebAPI.xsd">
  <IsSuccesfull>true</IsSuccesfull>
  <ReturnValue>
    <Status RunId="a4ae5ddc-a621-4f7d-9cbc-300543d84e25" RunStatus="Running" TotalPercent="87" CurrentStage="20" StageName="Querying" CurrentStagePercent="75" StageMessage="Running query: CookieLess_Authentication" StepMessage="Processing # 101 of 134" Details="CookieLess_Authentication" TimeStarted="09/06/2011 00:40:47" TimeFinished="09/06/2013 00:40:47" QueuePosition="-1" />
  </ReturnValue>
</GetScanStatusReplySchema>)
2011-06-09 00:50:57,999 [pool-2-thread-1] (WaitScanCompletionJob.java:68) INFO  - Total scan worked: 87%
2011-06-09 00:50:58,015 [pool-2-thread-1] (WaitScanCompletionJob.java:84) INFO  - Current stage:  "Querying" - Running query: CookieLess_Authentication
2011-06-09 00:50:58,015 [pool-2-thread-1] (WaitScanCompletionJob.java:94) TRACE - Running "Querying"
Running query: CookieLess_Authentication (75%) Processing # 101 of 134
2011-06-09 00:51:58,023 [pool-2-thread-1] (WaitScanCompletionJob.java:56) TRACE - getScanStatus: GetStatusOfScanResult(<?xml version="1.0" encoding="utf-16"?>
<GetScanStatusReplySchema xmlns:xsi="http://www.w3.org/2001/XMLSchema-instance" xmlns:xsd="http://www.w3.org/2001/XMLSchema" xmlns="CxWebAPI.xsd">
  <IsSuccesfull>true</IsSuccesfull>
  <ReturnValue>
    <Status RunId="a4ae5ddc-a621-4f7d-9cbc-300543d84e25" RunStatus="Finished" TotalPercent="100" CurrentStage="2147483647" StageName="" CurrentStagePercent="0" StageMessage="Finish saving results" StepMessage="" Details="" TimeStarted="09/06/2011 00:40:47" TimeFinished="09/06/2011 00:43:41" QueuePosition="-1" />
  </ReturnValue>
</GetScanStatusReplySchema>)
2011-06-09 00:51:58,023 [pool-2-thread-1] (WaitScanCompletionJob.java:68) INFO  - Total scan worked: 100%
2011-06-09 00:51:58,039 [pool-2-thread-1] (WaitScanCompletionJob.java:88) INFO  - Current stage: Finish saving results
2011-06-09 00:51:58,039 [pool-2-thread-1] (WaitScanCompletionJob.java:94) TRACE - Finished
Finish saving results (0%) 
2011-06-09 00:51:58,039 [pool-1-thread-1] (CxScanJob.java:158) INFO  - Retrieving results
2011-06-10 08:44:33,484 [pool-1-thread-1] (CxScanJob.java:78) INFO  - Packing project
2011-06-10 08:44:40,016 [pool-1-thread-1] (CxScanJob.java:97) INFO  - Project name is "console.project_1307684680016"
2011-06-10 08:44:40,016 [pool-1-thread-1] (CxScanJob.java:106) INFO  - Log in
2011-06-10 08:44:40,407 [pool-1-thread-1] (CxScanJob.java:249) TRACE - Unsuccessful login. Login or password might be incorrect.
2011-06-10 08:44:40,422 [main] (ScanFolderCommand.java:97) ERROR - Error during scan job execution: Unsuccessful login. Login or password might be incorrect.
2011-06-10 08:44:40,438 [main] (ScanFolderCommand.java:100) TRACE - Error during scan job execution.
java.util.concurrent.ExecutionException: java.lang.Exception: Unsuccessful login. Login or password might be incorrect.
	at java.util.concurrent.FutureTask$Sync.innerGet(Unknown Source)
	at java.util.concurrent.FutureTask.get(Unknown Source)
	at com.checkmarx.cxconsole.commands.ScanFolderCommand.executeCommand(ScanFolderCommand.java:88)
	at com.checkmarx.cxconsole.commands.CxConsoleCommand.execute(CxConsoleCommand.java:76)
	at com.checkmarx.cxconsole.CxConsoleLauncher.main(CxConsoleLauncher.java:93)
Caused by: java.lang.Exception: Unsuccessful login. Login or password might be incorrect.
	at com.checkmarx.cxconsole.commands.job.CxScanJob.login(CxScanJob.java:271)
	at com.checkmarx.cxconsole.commands.job.CxScanJob.call(CxScanJob.java:108)
	at com.checkmarx.cxconsole.commands.job.CxScanJob.call(CxScanJob.java:40)
	at java.util.concurrent.FutureTask$Sync.innerRun(Unknown Source)
	at java.util.concurrent.FutureTask.run(Unknown Source)
	at java.util.concurrent.ThreadPoolExecutor$Worker.runTask(Unknown Source)
	at java.util.concurrent.ThreadPoolExecutor$Worker.run(Unknown Source)
	at java.lang.Thread.run(Unknown Source)
